<?xml version="1.0" encoding="UTF-8"?>
<!DOCTYPE coverage SYSTEM "http://cobertura.sourceforge.net/xml/coverage-04.dtd">
<coverage line-rate="0.46636364" branch-rate="0" lines-covered="1026" lines-valid="2200" branches-covered="0" branches-valid="0" complexity="0" version="" timestamp="1769956493596">
	<packages>
		<package name="github.com/pingcap/ticdc/pkg/sink/iceberg" line-rate="0.46636364" branch-rate="0" complexity="0" line-count="2200" line-hits="1026">
			<classes>
				<class name="-" filename="pkg/sink/iceberg/config.go" line-rate="0.05263158" branch-rate="0" complexity="0" line-count="19" line-hits="1">
					<methods>
						<method name="NewConfig" signature="" line-rate="1" branch-rate="0" complexity="0" line-count="0" line-hits="0">
							<lines>
								<line number="95" hits="13"></line>
							</lines>
						</method>
						<method name="getOrEmpty" signature="" line-rate="0" branch-rate="0" complexity="0" line-count="0" line-hits="0">
							<lines>
								<line number="360" hits="0"></line>
								<line number="361" hits="0"></line>
								<line number="363" hits="0"></line>
							</lines>
						</method>
						<method name="sanitizeLocationURI" signature="" line-rate="0" branch-rate="0" complexity="0" line-count="0" line-hits="0">
							<lines>
								<line number="441" hits="0"></line>
								<line number="442" hits="0"></line>
								<line number="443" hits="0"></line>
								<line number="445" hits="0"></line>
								<line number="446" hits="0"></line>
								<line number="447" hits="0"></line>
								<line number="448" hits="0"></line>
							</lines>
						</method>
						<method name="isS3Warehouse" signature="" line-rate="0" branch-rate="0" complexity="0" line-count="0" line-hits="0">
							<lines>
								<line number="452" hits="0"></line>
								<line number="453" hits="0"></line>
								<line number="454" hits="0"></line>
								<line number="456" hits="0"></line>
							</lines>
						</method>
						<method name="partitioningUsesMetadataColumns" signature="" line-rate="0" branch-rate="0" complexity="0" line-count="0" line-hits="0">
							<lines>
								<line number="460" hits="0"></line>
								<line number="461" hits="0"></line>
								<line number="462" hits="0"></line>
								<line number="464" hits="0"></line>
							</lines>
						</method>
					</methods>
					<lines>
						<line number="95" hits="13"></line>
						<line number="360" hits="0"></line>
						<line number="361" hits="0"></line>
						<line number="363" hits="0"></line>
						<line number="441" hits="0"></line>
						<line number="442" hits="0"></line>
						<line number="443" hits="0"></line>
						<line number="445" hits="0"></line>
						<line number="446" hits="0"></line>
						<line number="447" hits="0"></line>
						<line number="448" hits="0"></line>
						<line number="452" hits="0"></line>
						<line number="453" hits="0"></line>
						<line number="454" hits="0"></line>
						<line number="456" hits="0"></line>
						<line number="460" hits="0"></line>
						<line number="461" hits="0"></line>
						<line number="462" hits="0"></line>
						<line number="464" hits="0"></line>
					</lines>
				</class>
				<class name="Config" filename="pkg/sink/iceberg/config.go" line-rate="0" branch-rate="0" complexity="0" line-count="190" line-hits="0">
					<methods>
						<method name="Apply" signature="" line-rate="0" branch-rate="0" complexity="0" line-count="0" line-hits="0">
							<lines>
								<line number="116" hits="0"></line>
								<line number="117" hits="0"></line>
								<line number="119" hits="0"></line>
								<line number="120" hits="0"></line>
								<line number="121" hits="0"></line>
								<line number="124" hits="0"></line>
								<line number="125" hits="0"></line>
								<line number="126" hits="0"></line>
								<line number="128" hits="0"></line>
								<line number="129" hits="0"></line>
								<line number="130" hits="0"></line>
								<line number="131" hits="0"></line>
								<line number="134" hits="0"></line>
								<line number="135" hits="0"></line>
								<line number="137" hits="0"></line>
								<line number="138" hits="0"></line>
								<line number="139" hits="0"></line>
								<line number="141" hits="0"></line>
								<line number="143" hits="0"></line>
								<line number="144" hits="0"></line>
								<line number="146" hits="0"></line>
								<line number="147" hits="0"></line>
								<line number="149" hits="0"></line>
								<line number="150" hits="0"></line>
								<line number="152" hits="0"></line>
								<line number="153" hits="0"></line>
								<line number="154" hits="0"></line>
								<line number="157" hits="0"></line>
								<line number="158" hits="0"></line>
								<line number="159" hits="0"></line>
								<line number="162" hits="0"></line>
								<line number="163" hits="0"></line>
								<line number="164" hits="0"></line>
								<line number="167" hits="0"></line>
								<line number="168" hits="0"></line>
								<line number="169" hits="0"></line>
								<line number="171" hits="0"></line>
								<line number="172" hits="0"></line>
								<line number="174" hits="0"></line>
								<line number="175" hits="0"></line>
								<line number="177" hits="0"></line>
								<line number="178" hits="0"></line>
								<line number="180" hits="0"></line>
								<line number="181" hits="0"></line>
								<line number="183" hits="0"></line>
								<line number="184" hits="0"></line>
								<line number="186" hits="0"></line>
								<line number="187" hits="0"></line>
								<line number="188" hits="0"></line>
								<line number="191" hits="0"></line>
								<line number="192" hits="0"></line>
								<line number="194" hits="0"></line>
								<line number="195" hits="0"></line>
								<line number="197" hits="0"></line>
								<line number="198" hits="0"></line>
								<line number="200" hits="0"></line>
								<line number="201" hits="0"></line>
								<line number="205" hits="0"></line>
								<line number="206" hits="0"></line>
								<line number="207" hits="0"></line>
								<line number="210" hits="0"></line>
								<line number="211" hits="0"></line>
								<line number="213" hits="0"></line>
								<line number="214" hits="0"></line>
								<line number="215" hits="0"></line>
								<line number="217" hits="0"></line>
								<line number="219" hits="0"></line>
								<line number="220" hits="0"></line>
								<line number="222" hits="0"></line>
								<line number="223" hits="0"></line>
								<line number="225" hits="0"></line>
								<line number="226" hits="0"></line>
								<line number="229" hits="0"></line>
								<line number="230" hits="0"></line>
								<line number="231" hits="0"></line>
								<line number="235" hits="0"></line>
								<line number="236" hits="0"></line>
								<line number="237" hits="0"></line>
								<line number="241" hits="0"></line>
								<line number="242" hits="0"></line>
								<line number="243" hits="0"></line>
								<line number="244" hits="0"></line>
								<line number="246" hits="0"></line>
								<line number="247" hits="0"></line>
								<line number="250" hits="0"></line>
								<line number="251" hits="0"></line>
								<line number="252" hits="0"></line>
								<line number="253" hits="0"></line>
								<line number="255" hits="0"></line>
								<line number="256" hits="0"></line>
								<line number="259" hits="0"></line>
								<line number="260" hits="0"></line>
								<line number="263" hits="0"></line>
								<line number="264" hits="0"></line>
								<line number="265" hits="0"></line>
								<line number="266" hits="0"></line>
								<line number="268" hits="0"></line>
								<line number="270" hits="0"></line>
								<line number="271" hits="0"></line>
								<line number="272" hits="0"></line>
								<line number="273" hits="0"></line>
								<line number="275" hits="0"></line>
								<line number="277" hits="0"></line>
								<line number="278" hits="0"></line>
								<line number="279" hits="0"></line>
								<line number="280" hits="0"></line>
								<line number="282" hits="0"></line>
								<line number="284" hits="0"></line>
								<line number="285" hits="0"></line>
								<line number="286" hits="0"></line>
								<line number="287" hits="0"></line>
								<line number="289" hits="0"></line>
								<line number="292" hits="0"></line>
								<line number="293" hits="0"></line>
								<line number="294" hits="0"></line>
								<line number="297" hits="0"></line>
								<line number="298" hits="0"></line>
								<line number="299" hits="0"></line>
								<line number="303" hits="0"></line>
								<line number="304" hits="0"></line>
								<line number="305" hits="0"></line>
								<line number="306" hits="0"></line>
								<line number="308" hits="0"></line>
								<line number="310" hits="0"></line>
								<line number="311" hits="0"></line>
								<line number="312" hits="0"></line>
								<line number="313" hits="0"></line>
								<line number="315" hits="0"></line>
								<line number="317" hits="0"></line>
								<line number="318" hits="0"></line>
								<line number="319" hits="0"></line>
								<line number="320" hits="0"></line>
								<line number="322" hits="0"></line>
								<line number="324" hits="0"></line>
								<line number="325" hits="0"></line>
								<line number="326" hits="0"></line>
								<line number="327" hits="0"></line>
								<line number="329" hits="0"></line>
								<line number="332" hits="0"></line>
								<line number="333" hits="0"></line>
								<line number="335" hits="0"></line>
								<line number="336" hits="0"></line>
								<line number="338" hits="0"></line>
								<line number="339" hits="0"></line>
								<line number="342" hits="0"></line>
								<line number="343" hits="0"></line>
								<line number="345" hits="0"></line>
								<line number="346" hits="0"></line>
								<line number="348" hits="0"></line>
								<line number="349" hits="0"></line>
								<line number="352" hits="0"></line>
								<line number="353" hits="0"></line>
								<line number="356" hits="0"></line>
							</lines>
						</method>
						<method name="setWarehouse" signature="" line-rate="0" branch-rate="0" complexity="0" line-count="0" line-hits="0">
							<lines>
								<line number="367" hits="0"></line>
								<line number="368" hits="0"></line>
								<line number="369" hits="0"></line>
								<line number="371" hits="0"></line>
								<line number="372" hits="0"></line>
								<line number="373" hits="0"></line>
							</lines>
						</method>
						<method name="setCatalog" signature="" line-rate="0" branch-rate="0" complexity="0" line-count="0" line-hits="0">
							<lines>
								<line number="377" hits="0"></line>
								<line number="379" hits="0"></line>
								<line number="381" hits="0"></line>
								<line number="383" hits="0"></line>
								<line number="385" hits="0"></line>
								<line number="387" hits="0"></line>
							</lines>
						</method>
						<method name="setMode" signature="" line-rate="0" branch-rate="0" complexity="0" line-count="0" line-hits="0">
							<lines>
								<line number="391" hits="0"></line>
								<line number="393" hits="0"></line>
								<line number="395" hits="0"></line>
								<line number="397" hits="0"></line>
								<line number="399" hits="0"></line>
							</lines>
						</method>
						<method name="setSchemaMode" signature="" line-rate="0" branch-rate="0" complexity="0" line-count="0" line-hits="0">
							<lines>
								<line number="403" hits="0"></line>
								<line number="405" hits="0"></line>
								<line number="407" hits="0"></line>
								<line number="409" hits="0"></line>
								<line number="411" hits="0"></line>
							</lines>
						</method>
						<method name="setCommitInterval" signature="" line-rate="0" branch-rate="0" complexity="0" line-count="0" line-hits="0">
							<lines>
								<line number="415" hits="0"></line>
								<line number="416" hits="0"></line>
								<line number="417" hits="0"></line>
								<line number="419" hits="0"></line>
								<line number="420" hits="0"></line>
								<line number="422" hits="0"></line>
								<line number="423" hits="0"></line>
								<line number="425" hits="0"></line>
								<line number="426" hits="0"></line>
							</lines>
						</method>
						<method name="setTargetFileSize" signature="" line-rate="0" branch-rate="0" complexity="0" line-count="0" line-hits="0">
							<lines>
								<line number="430" hits="0"></line>
								<line number="431" hits="0"></line>
								<line number="433" hits="0"></line>
								<line number="434" hits="0"></line>
								<line number="436" hits="0"></line>
								<line number="437" hits="0"></line>
							</lines>
						</method>
					</methods>
					<lines>
						<line number="116" hits="0"></line>
						<line number="117" hits="0"></line>
						<line number="119" hits="0"></line>
						<line number="120" hits="0"></line>
						<line number="121" hits="0"></line>
						<line number="124" hits="0"></line>
						<line number="125" hits="0"></line>
						<line number="126" hits="0"></line>
						<line number="128" hits="0"></line>
						<line number="129" hits="0"></line>
						<line number="130" hits="0"></line>
						<line number="131" hits="0"></line>
						<line number="134" hits="0"></line>
						<line number="135" hits="0"></line>
						<line number="137" hits="0"></line>
						<line number="138" hits="0"></line>
						<line number="139" hits="0"></line>
						<line number="141" hits="0"></line>
						<line number="143" hits="0"></line>
						<line number="144" hits="0"></line>
						<line number="146" hits="0"></line>
						<line number="147" hits="0"></line>
						<line number="149" hits="0"></line>
						<line number="150" hits="0"></line>
						<line number="152" hits="0"></line>
						<line number="153" hits="0"></line>
						<line number="154" hits="0"></line>
						<line number="157" hits="0"></line>
						<line number="158" hits="0"></line>
						<line number="159" hits="0"></line>
						<line number="162" hits="0"></line>
						<line number="163" hits="0"></line>
						<line number="164" hits="0"></line>
						<line number="167" hits="0"></line>
						<line number="168" hits="0"></line>
						<line number="169" hits="0"></line>
						<line number="171" hits="0"></line>
						<line number="172" hits="0"></line>
						<line number="174" hits="0"></line>
						<line number="175" hits="0"></line>
						<line number="177" hits="0"></line>
						<line number="178" hits="0"></line>
						<line number="180" hits="0"></line>
						<line number="181" hits="0"></line>
						<line number="183" hits="0"></line>
						<line number="184" hits="0"></line>
						<line number="186" hits="0"></line>
						<line number="187" hits="0"></line>
						<line number="188" hits="0"></line>
						<line number="191" hits="0"></line>
						<line number="192" hits="0"></line>
						<line number="194" hits="0"></line>
						<line number="195" hits="0"></line>
						<line number="197" hits="0"></line>
						<line number="198" hits="0"></line>
						<line number="200" hits="0"></line>
						<line number="201" hits="0"></line>
						<line number="205" hits="0"></line>
						<line number="206" hits="0"></line>
						<line number="207" hits="0"></line>
						<line number="210" hits="0"></line>
						<line number="211" hits="0"></line>
						<line number="213" hits="0"></line>
						<line number="214" hits="0"></line>
						<line number="215" hits="0"></line>
						<line number="217" hits="0"></line>
						<line number="219" hits="0"></line>
						<line number="220" hits="0"></line>
						<line number="222" hits="0"></line>
						<line number="223" hits="0"></line>
						<line number="225" hits="0"></line>
						<line number="226" hits="0"></line>
						<line number="229" hits="0"></line>
						<line number="230" hits="0"></line>
						<line number="231" hits="0"></line>
						<line number="235" hits="0"></line>
						<line number="236" hits="0"></line>
						<line number="237" hits="0"></line>
						<line number="241" hits="0"></line>
						<line number="242" hits="0"></line>
						<line number="243" hits="0"></line>
						<line number="244" hits="0"></line>
						<line number="246" hits="0"></line>
						<line number="247" hits="0"></line>
						<line number="250" hits="0"></line>
						<line number="251" hits="0"></line>
						<line number="252" hits="0"></line>
						<line number="253" hits="0"></line>
						<line number="255" hits="0"></line>
						<line number="256" hits="0"></line>
						<line number="259" hits="0"></line>
						<line number="260" hits="0"></line>
						<line number="263" hits="0"></line>
						<line number="264" hits="0"></line>
						<line number="265" hits="0"></line>
						<line number="266" hits="0"></line>
						<line number="268" hits="0"></line>
						<line number="270" hits="0"></line>
						<line number="271" hits="0"></line>
						<line number="272" hits="0"></line>
						<line number="273" hits="0"></line>
						<line number="275" hits="0"></line>
						<line number="277" hits="0"></line>
						<line number="278" hits="0"></line>
						<line number="279" hits="0"></line>
						<line number="280" hits="0"></line>
						<line number="282" hits="0"></line>
						<line number="284" hits="0"></line>
						<line number="285" hits="0"></line>
						<line number="286" hits="0"></line>
						<line number="287" hits="0"></line>
						<line number="289" hits="0"></line>
						<line number="292" hits="0"></line>
						<line number="293" hits="0"></line>
						<line number="294" hits="0"></line>
						<line number="297" hits="0"></line>
						<line number="298" hits="0"></line>
						<line number="299" hits="0"></line>
						<line number="303" hits="0"></line>
						<line number="304" hits="0"></line>
						<line number="305" hits="0"></line>
						<line number="306" hits="0"></line>
						<line number="308" hits="0"></line>
						<line number="310" hits="0"></line>
						<line number="311" hits="0"></line>
						<line number="312" hits="0"></line>
						<line number="313" hits="0"></line>
						<line number="315" hits="0"></line>
						<line number="317" hits="0"></line>
						<line number="318" hits="0"></line>
						<line number="319" hits="0"></line>
						<line number="320" hits="0"></line>
						<line number="322" hits="0"></line>
						<line number="324" hits="0"></line>
						<line number="325" hits="0"></line>
						<line number="326" hits="0"></line>
						<line number="327" hits="0"></line>
						<line number="329" hits="0"></line>
						<line number="332" hits="0"></line>
						<line number="333" hits="0"></line>
						<line number="335" hits="0"></line>
						<line number="336" hits="0"></line>
						<line number="338" hits="0"></line>
						<line number="339" hits="0"></line>
						<line number="342" hits="0"></line>
						<line number="343" hits="0"></line>
						<line number="345" hits="0"></line>
						<line number="346" hits="0"></line>
						<line number="348" hits="0"></line>
						<line number="349" hits="0"></line>
						<line number="352" hits="0"></line>
						<line number="353" hits="0"></line>
						<line number="356" hits="0"></line>
						<line number="367" hits="0"></line>
						<line number="368" hits="0"></line>
						<line number="369" hits="0"></line>
						<line number="371" hits="0"></line>
						<line number="372" hits="0"></line>
						<line number="373" hits="0"></line>
						<line number="377" hits="0"></line>
						<line number="379" hits="0"></line>
						<line number="381" hits="0"></line>
						<line number="383" hits="0"></line>
						<line number="385" hits="0"></line>
						<line number="387" hits="0"></line>
						<line number="391" hits="0"></line>
						<line number="393" hits="0"></line>
						<line number="395" hits="0"></line>
						<line number="397" hits="0"></line>
						<line number="399" hits="0"></line>
						<line number="403" hits="0"></line>
						<line number="405" hits="0"></line>
						<line number="407" hits="0"></line>
						<line number="409" hits="0"></line>
						<line number="411" hits="0"></line>
						<line number="415" hits="0"></line>
						<line number="416" hits="0"></line>
						<line number="417" hits="0"></line>
						<line number="419" hits="0"></line>
						<line number="420" hits="0"></line>
						<line number="422" hits="0"></line>
						<line number="423" hits="0"></line>
						<line number="425" hits="0"></line>
						<line number="426" hits="0"></line>
						<line number="430" hits="0"></line>
						<line number="431" hits="0"></line>
						<line number="433" hits="0"></line>
						<line number="434" hits="0"></line>
						<line number="436" hits="0"></line>
						<line number="437" hits="0"></line>
					</lines>
				</class>
				<class name="-" filename="pkg/sink/iceberg/file_split.go" line-rate="0.4" branch-rate="0" complexity="0" line-count="40" line-hits="16">
					<methods>
						<method name="splitRowsByTargetSize" signature="" line-rate="0.13043478" branch-rate="0" complexity="0" line-count="0" line-hits="0">
							<lines>
								<line number="22" hits="19"></line>
								<line number="23" hits="0"></line>
								<line number="26" hits="19"></line>
								<line number="27" hits="19"></line>
								<line number="33" hits="0"></line>
								<line number="34" hits="0"></line>
								<line number="35" hits="0"></line>
								<line number="36" hits="0"></line>
								<line number="37" hits="0"></line>
								<line number="38" hits="0"></line>
								<line number="39" hits="0"></line>
								<line number="40" hits="0"></line>
								<line number="42" hits="0"></line>
								<line number="44" hits="0"></line>
								<line number="48" hits="0"></line>
								<line number="49" hits="0"></line>
								<line number="50" hits="0"></line>
								<line number="52" hits="0"></line>
								<line number="56" hits="0"></line>
								<line number="57" hits="0"></line>
								<line number="60" hits="0"></line>
								<line number="61" hits="0"></line>
								<line number="66" hits="0"></line>
							</lines>
						</method>
						<method name="estimateRowsSize" signature="" line-rate="0.8333333" branch-rate="0" complexity="0" line-count="0" line-hits="0">
							<lines>
								<line number="70" hits="19"></line>
								<line number="71" hits="0"></line>
								<line number="73" hits="19"></line>
								<line number="74" hits="19"></line>
								<line number="75" hits="19"></line>
								<line number="77" hits="19"></line>
							</lines>
						</method>
						<method name="estimateChangeRowSize" signature="" line-rate="0.72727275" branch-rate="0" complexity="0" line-count="0" line-hits="0">
							<lines>
								<line number="81" hits="19"></line>
								<line number="82" hits="19"></line>
								<line number="83" hits="19"></line>
								<line number="85" hits="19"></line>
								<line number="86" hits="31"></line>
								<line number="87" hits="0"></line>
								<line number="88" hits="0"></line>
								<line number="90" hits="31"></line>
								<line number="92" hits="19"></line>
								<line number="93" hits="0"></line>
								<line number="95" hits="19"></line>
							</lines>
						</method>
					</methods>
					<lines>
						<line number="22" hits="19"></line>
						<line number="23" hits="0"></line>
						<line number="26" hits="19"></line>
						<line number="27" hits="19"></line>
						<line number="33" hits="0"></line>
						<line number="34" hits="0"></line>
						<line number="35" hits="0"></line>
						<line number="36" hits="0"></line>
						<line number="37" hits="0"></line>
						<line number="38" hits="0"></line>
						<line number="39" hits="0"></line>
						<line number="40" hits="0"></line>
						<line number="42" hits="0"></line>
						<line number="44" hits="0"></line>
						<line number="48" hits="0"></line>
						<line number="49" hits="0"></line>
						<line number="50" hits="0"></line>
						<line number="52" hits="0"></line>
						<line number="56" hits="0"></line>
						<line number="57" hits="0"></line>
						<line number="60" hits="0"></line>
						<line number="61" hits="0"></line>
						<line number="66" hits="0"></line>
						<line number="70" hits="19"></line>
						<line number="71" hits="0"></line>
						<line number="73" hits="19"></line>
						<line number="74" hits="19"></line>
						<line number="75" hits="19"></line>
						<line number="77" hits="19"></line>
						<line number="81" hits="19"></line>
						<line number="82" hits="19"></line>
						<line number="83" hits="19"></line>
						<line number="85" hits="19"></line>
						<line number="86" hits="31"></line>
						<line number="87" hits="0"></line>
						<line number="88" hits="0"></line>
						<line number="90" hits="31"></line>
						<line number="92" hits="19"></line>
						<line number="93" hits="0"></line>
						<line number="95" hits="19"></line>
					</lines>
				</class>
				<class name="-" filename="pkg/sink/iceberg/manifest_entry_schema.go" line-rate="0.8" branch-rate="0" complexity="0" line-count="10" line-hits="8">
					<methods>
						<method name="buildManifestEntrySchemaV2" signature="" line-rate="0.8" branch-rate="0" complexity="0" line-count="0" line-hits="0">
							<lines>
								<line number="25" hits="11"></line>
								<line number="26" hits="0"></line>
								<line number="29" hits="11"></line>
								<line number="30" hits="11"></line>
								<line number="31" hits="11"></line>
								<line number="39" hits="11"></line>
								<line number="81" hits="11"></line>
								<line number="82" hits="11"></line>
								<line number="83" hits="0"></line>
								<line number="85" hits="11"></line>
							</lines>
						</method>
					</methods>
					<lines>
						<line number="25" hits="11"></line>
						<line number="26" hits="0"></line>
						<line number="29" hits="11"></line>
						<line number="30" hits="11"></line>
						<line number="31" hits="11"></line>
						<line number="39" hits="11"></line>
						<line number="81" hits="11"></line>
						<line number="82" hits="11"></line>
						<line number="83" hits="0"></line>
						<line number="85" hits="11"></line>
					</lines>
				</class>
				<class name="-" filename="pkg/sink/iceberg/parquet.go" line-rate="0.6036036" branch-rate="0" complexity="0" line-count="222" line-hits="134">
					<methods>
						<method name="encodeParquetRows" signature="" line-rate="0.74418604" branch-rate="0" complexity="0" line-count="0" line-hits="0">
							<lines>
								<line number="38" hits="20"></line>
								<line number="39" hits="0"></line>
								<line number="41" hits="20"></line>
								<line number="42" hits="0"></line>
								<line number="45" hits="20"></line>
								<line number="47" hits="20"></line>
								<line number="56" hits="20"></line>
								<line number="57" hits="20"></line>
								<line number="59" hits="20"></line>
								<line number="148" hits="20"></line>
								<line number="149" hits="20"></line>
								<line number="150" hits="0"></line>
								<line number="152" hits="20"></line>
								<line number="153" hits="0"></line>
								<line number="155" hits="20"></line>
								<line number="156" hits="0"></line>
								<line number="160" hits="20"></line>
								<line number="161" hits="41"></line>
								<line number="162" hits="0"></line>
								<line number="164" hits="41"></line>
								<line number="165" hits="41"></line>
								<line number="166" hits="0"></line>
								<line number="170" hits="20"></line>
								<line number="172" hits="20"></line>
								<line number="173" hits="20"></line>
								<line number="174" hits="101"></line>
								<line number="175" hits="0"></line>
								<line number="176" hits="0"></line>
								<line number="178" hits="0"></line>
								<line number="183" hits="20"></line>
								<line number="184" hits="20"></line>
								<line number="189" hits="20"></line>
								<line number="190" hits="101"></line>
								<line number="191" hits="101"></line>
								<line number="194" hits="20"></line>
								<line number="195" hits="20"></line>
								<line number="196" hits="20"></line>
								<line number="197" hits="20"></line>
								<line number="199" hits="20"></line>
								<line number="200" hits="20"></line>
								<line number="201" hits="20"></line>
								<line number="202" hits="0"></line>
								<line number="204" hits="20"></line>
							</lines>
						</method>
						<method name="@59:17" signature="" line-rate="0.74285716" branch-rate="0" complexity="0" line-count="0" line-hits="0">
							<lines>
								<line number="60" hits="101"></line>
								<line number="61" hits="101"></line>
								<line number="62" hits="60"></line>
								<line number="64" hits="20"></line>
								<line number="66" hits="20"></line>
								<line number="68" hits="20"></line>
								<line number="70" hits="0"></line>
								<line number="73" hits="41"></line>
								<line number="76" hits="101"></line>
								<line number="83" hits="101"></line>
								<line number="85" hits="101"></line>
								<line number="86" hits="101"></line>
								<line number="87" hits="60"></line>
								<line number="89" hits="20"></line>
								<line number="90" hits="20"></line>
								<line number="91" hits="0"></line>
								<line number="93" hits="20"></line>
								<line number="102" hits="20"></line>
								<line number="103" hits="20"></line>
								<line number="104" hits="0"></line>
								<line number="106" hits="20"></line>
								<line number="110" hits="20"></line>
								<line number="111" hits="20"></line>
								<line number="112" hits="0"></line>
								<line number="114" hits="20"></line>
								<line number="118" hits="0"></line>
								<line number="119" hits="0"></line>
								<line number="120" hits="0"></line>
								<line number="122" hits="0"></line>
								<line number="128" hits="41"></line>
								<line number="129" hits="41"></line>
								<line number="130" hits="0"></line>
								<line number="132" hits="41"></line>
								<line number="137" hits="101"></line>
								<line number="145" hits="101"></line>
							</lines>
						</method>
						<method name="@93:17" signature="" line-rate="0.6" branch-rate="0" complexity="0" line-count="0" line-hits="0">
							<lines>
								<line number="94" hits="20"></line>
								<line number="95" hits="0"></line>
								<line number="96" hits="0"></line>
								<line number="98" hits="20"></line>
								<line number="99" hits="20"></line>
							</lines>
						</method>
						<method name="@106:17" signature="" line-rate="1" branch-rate="0" complexity="0" line-count="0" line-hits="0">
							<lines>
								<line number="107" hits="20"></line>
							</lines>
						</method>
						<method name="@114:17" signature="" line-rate="1" branch-rate="0" complexity="0" line-count="0" line-hits="0">
							<lines>
								<line number="115" hits="20"></line>
							</lines>
						</method>
						<method name="@122:17" signature="" line-rate="0" branch-rate="0" complexity="0" line-count="0" line-hits="0">
							<lines>
								<line number="123" hits="0"></line>
								<line number="124" hits="0"></line>
							</lines>
						</method>
						<method name="@132:16" signature="" line-rate="1" branch-rate="0" complexity="0" line-count="0" line-hits="0">
							<lines>
								<line number="133" hits="41"></line>
							</lines>
						</method>
						<method name="@184:8" signature="" line-rate="1" branch-rate="0" complexity="0" line-count="0" line-hits="0">
							<lines>
								<line number="185" hits="20"></line>
								<line number="186" hits="101"></line>
							</lines>
						</method>
						<method name="newValueAppender" signature="" line-rate="0.71428573" branch-rate="0" complexity="0" line-count="0" line-hits="0">
							<lines>
								<line number="208" hits="41"></line>
								<line number="210" hits="18"></line>
								<line number="219" hits="15"></line>
								<line number="232" hits="1"></line>
								<line number="269" hits="0"></line>
								<line number="282" hits="0"></line>
								<line number="295" hits="2"></line>
								<line number="296" hits="2"></line>
								<line number="297" hits="0"></line>
								<line number="299" hits="2"></line>
								<line number="312" hits="1"></line>
								<line number="326" hits="1"></line>
								<line number="339" hits="3"></line>
								<line number="353" hits="0"></line>
							</lines>
						</method>
						<method name="@210:10" signature="" line-rate="1" branch-rate="0" complexity="0" line-count="0" line-hits="0">
							<lines>
								<line number="211" hits="18"></line>
								<line number="212" hits="2"></line>
								<line number="213" hits="2"></line>
								<line number="215" hits="16"></line>
								<line number="216" hits="16"></line>
							</lines>
						</method>
						<method name="@219:10" signature="" line-rate="0.625" branch-rate="0" complexity="0" line-count="0" line-hits="0">
							<lines>
								<line number="220" hits="15"></line>
								<line number="221" hits="0"></line>
								<line number="222" hits="0"></line>
								<line number="224" hits="15"></line>
								<line number="225" hits="15"></line>
								<line number="226" hits="0"></line>
								<line number="228" hits="15"></line>
								<line number="229" hits="15"></line>
							</lines>
						</method>
						<method name="@232:10" signature="" line-rate="0.29166666" branch-rate="0" complexity="0" line-count="0" line-hits="0">
							<lines>
								<line number="233" hits="1"></line>
								<line number="234" hits="0"></line>
								<line number="235" hits="0"></line>
								<line number="237" hits="1"></line>
								<line number="238" hits="0"></line>
								<line number="239" hits="0"></line>
								<line number="240" hits="0"></line>
								<line number="242" hits="0"></line>
								<line number="243" hits="0"></line>
								<line number="245" hits="0"></line>
								<line number="246" hits="0"></line>
								<line number="249" hits="1"></line>
								<line number="250" hits="0"></line>
								<line number="251" hits="0"></line>
								<line number="252" hits="0"></line>
								<line number="254" hits="0"></line>
								<line number="255" hits="0"></line>
								<line number="257" hits="0"></line>
								<line number="258" hits="0"></line>
								<line number="261" hits="1"></line>
								<line number="262" hits="1"></line>
								<line number="263" hits="0"></line>
								<line number="265" hits="1"></line>
								<line number="266" hits="1"></line>
							</lines>
						</method>
						<method name="@269:10" signature="" line-rate="0" branch-rate="0" complexity="0" line-count="0" line-hits="0">
							<lines>
								<line number="270" hits="0"></line>
								<line number="271" hits="0"></line>
								<line number="272" hits="0"></line>
								<line number="274" hits="0"></line>
								<line number="275" hits="0"></line>
								<line number="276" hits="0"></line>
								<line number="278" hits="0"></line>
								<line number="279" hits="0"></line>
							</lines>
						</method>
						<method name="@282:10" signature="" line-rate="0" branch-rate="0" complexity="0" line-count="0" line-hits="0">
							<lines>
								<line number="283" hits="0"></line>
								<line number="284" hits="0"></line>
								<line number="285" hits="0"></line>
								<line number="287" hits="0"></line>
								<line number="288" hits="0"></line>
								<line number="289" hits="0"></line>
								<line number="291" hits="0"></line>
								<line number="292" hits="0"></line>
							</lines>
						</method>
						<method name="@299:10" signature="" line-rate="0.625" branch-rate="0" complexity="0" line-count="0" line-hits="0">
							<lines>
								<line number="300" hits="2"></line>
								<line number="301" hits="0"></line>
								<line number="302" hits="0"></line>
								<line number="304" hits="2"></line>
								<line number="305" hits="2"></line>
								<line number="306" hits="0"></line>
								<line number="308" hits="2"></line>
								<line number="309" hits="2"></line>
							</lines>
						</method>
						<method name="@312:10" signature="" line-rate="0.5555556" branch-rate="0" complexity="0" line-count="0" line-hits="0">
							<lines>
								<line number="313" hits="1"></line>
								<line number="314" hits="0"></line>
								<line number="315" hits="0"></line>
								<line number="317" hits="1"></line>
								<line number="318" hits="1"></line>
								<line number="319" hits="0"></line>
								<line number="320" hits="0"></line>
								<line number="322" hits="1"></line>
								<line number="323" hits="1"></line>
							</lines>
						</method>
						<method name="@326:10" signature="" line-rate="0.625" branch-rate="0" complexity="0" line-count="0" line-hits="0">
							<lines>
								<line number="327" hits="1"></line>
								<line number="328" hits="0"></line>
								<line number="329" hits="0"></line>
								<line number="331" hits="1"></line>
								<line number="332" hits="1"></line>
								<line number="333" hits="0"></line>
								<line number="335" hits="1"></line>
								<line number="336" hits="1"></line>
							</lines>
						</method>
						<method name="@339:10" signature="" line-rate="0.625" branch-rate="0" complexity="0" line-count="0" line-hits="0">
							<lines>
								<line number="340" hits="3"></line>
								<line number="341" hits="0"></line>
								<line number="342" hits="0"></line>
								<line number="345" hits="3"></line>
								<line number="346" hits="3"></line>
								<line number="347" hits="0"></line>
								<line number="349" hits="3"></line>
								<line number="350" hits="3"></line>
							</lines>
						</method>
						<method name="appendInt64FromUintString" signature="" line-rate="0.5833333" branch-rate="0" complexity="0" line-count="0" line-hits="0">
							<lines>
								<line number="358" hits="20"></line>
								<line number="359" hits="0"></line>
								<line number="361" hits="20"></line>
								<line number="362" hits="0"></line>
								<line number="363" hits="0"></line>
								<line number="365" hits="20"></line>
								<line number="366" hits="20"></line>
								<line number="367" hits="0"></line>
								<line number="369" hits="20"></line>
								<line number="370" hits="0"></line>
								<line number="372" hits="20"></line>
								<line number="373" hits="20"></line>
							</lines>
						</method>
						<method name="appendTimestampMicrosFromString" signature="" line-rate="0.6" branch-rate="0" complexity="0" line-count="0" line-hits="0">
							<lines>
								<line number="377" hits="20"></line>
								<line number="378" hits="0"></line>
								<line number="380" hits="20"></line>
								<line number="381" hits="0"></line>
								<line number="382" hits="0"></line>
								<line number="384" hits="20"></line>
								<line number="385" hits="20"></line>
								<line number="386" hits="0"></line>
								<line number="388" hits="20"></line>
								<line number="389" hits="20"></line>
							</lines>
						</method>
						<method name="parseMySQLTimestampString" signature="" line-rate="0.8" branch-rate="0" complexity="0" line-count="0" line-hits="0">
							<lines>
								<line number="393" hits="8"></line>
								<line number="394" hits="8"></line>
								<line number="395" hits="0"></line>
								<line number="398" hits="8"></line>
								<line number="399" hits="2"></line>
								<line number="402" hits="6"></line>
								<line number="408" hits="6"></line>
								<line number="409" hits="6"></line>
								<line number="410" hits="6"></line>
								<line number="413" hits="0"></line>
							</lines>
						</method>
					</methods>
					<lines>
						<line number="38" hits="20"></line>
						<line number="39" hits="0"></line>
						<line number="41" hits="20"></line>
						<line number="42" hits="0"></line>
						<line number="45" hits="20"></line>
						<line number="47" hits="20"></line>
						<line number="56" hits="20"></line>
						<line number="57" hits="20"></line>
						<line number="59" hits="20"></line>
						<line number="148" hits="20"></line>
						<line number="149" hits="20"></line>
						<line number="150" hits="0"></line>
						<line number="152" hits="20"></line>
						<line number="153" hits="0"></line>
						<line number="155" hits="20"></line>
						<line number="156" hits="0"></line>
						<line number="160" hits="20"></line>
						<line number="161" hits="41"></line>
						<line number="162" hits="0"></line>
						<line number="164" hits="41"></line>
						<line number="165" hits="41"></line>
						<line number="166" hits="0"></line>
						<line number="170" hits="20"></line>
						<line number="172" hits="20"></line>
						<line number="173" hits="20"></line>
						<line number="174" hits="101"></line>
						<line number="175" hits="0"></line>
						<line number="176" hits="0"></line>
						<line number="178" hits="0"></line>
						<line number="183" hits="20"></line>
						<line number="184" hits="20"></line>
						<line number="189" hits="20"></line>
						<line number="190" hits="101"></line>
						<line number="191" hits="101"></line>
						<line number="194" hits="20"></line>
						<line number="195" hits="20"></line>
						<line number="196" hits="20"></line>
						<line number="197" hits="20"></line>
						<line number="199" hits="20"></line>
						<line number="200" hits="20"></line>
						<line number="201" hits="20"></line>
						<line number="202" hits="0"></line>
						<line number="204" hits="20"></line>
						<line number="60" hits="101"></line>
						<line number="61" hits="101"></line>
						<line number="62" hits="60"></line>
						<line number="64" hits="20"></line>
						<line number="66" hits="20"></line>
						<line number="68" hits="20"></line>
						<line number="70" hits="0"></line>
						<line number="73" hits="41"></line>
						<line number="76" hits="101"></line>
						<line number="83" hits="101"></line>
						<line number="85" hits="101"></line>
						<line number="86" hits="101"></line>
						<line number="87" hits="60"></line>
						<line number="89" hits="20"></line>
						<line number="90" hits="20"></line>
						<line number="91" hits="0"></line>
						<line number="93" hits="20"></line>
						<line number="102" hits="20"></line>
						<line number="103" hits="20"></line>
						<line number="104" hits="0"></line>
						<line number="106" hits="20"></line>
						<line number="110" hits="20"></line>
						<line number="111" hits="20"></line>
						<line number="112" hits="0"></line>
						<line number="114" hits="20"></line>
						<line number="118" hits="0"></line>
						<line number="119" hits="0"></line>
						<line number="120" hits="0"></line>
						<line number="122" hits="0"></line>
						<line number="128" hits="41"></line>
						<line number="129" hits="41"></line>
						<line number="130" hits="0"></line>
						<line number="132" hits="41"></line>
						<line number="137" hits="101"></line>
						<line number="145" hits="101"></line>
						<line number="94" hits="20"></line>
						<line number="95" hits="0"></line>
						<line number="96" hits="0"></line>
						<line number="98" hits="20"></line>
						<line number="99" hits="20"></line>
						<line number="107" hits="20"></line>
						<line number="115" hits="20"></line>
						<line number="123" hits="0"></line>
						<line number="124" hits="0"></line>
						<line number="133" hits="41"></line>
						<line number="185" hits="20"></line>
						<line number="186" hits="101"></line>
						<line number="208" hits="41"></line>
						<line number="210" hits="18"></line>
						<line number="219" hits="15"></line>
						<line number="232" hits="1"></line>
						<line number="269" hits="0"></line>
						<line number="282" hits="0"></line>
						<line number="295" hits="2"></line>
						<line number="296" hits="2"></line>
						<line number="297" hits="0"></line>
						<line number="299" hits="2"></line>
						<line number="312" hits="1"></line>
						<line number="326" hits="1"></line>
						<line number="339" hits="3"></line>
						<line number="353" hits="0"></line>
						<line number="211" hits="18"></line>
						<line number="212" hits="2"></line>
						<line number="213" hits="2"></line>
						<line number="215" hits="16"></line>
						<line number="216" hits="16"></line>
						<line number="220" hits="15"></line>
						<line number="221" hits="0"></line>
						<line number="222" hits="0"></line>
						<line number="224" hits="15"></line>
						<line number="225" hits="15"></line>
						<line number="226" hits="0"></line>
						<line number="228" hits="15"></line>
						<line number="229" hits="15"></line>
						<line number="233" hits="1"></line>
						<line number="234" hits="0"></line>
						<line number="235" hits="0"></line>
						<line number="237" hits="1"></line>
						<line number="238" hits="0"></line>
						<line number="239" hits="0"></line>
						<line number="240" hits="0"></line>
						<line number="242" hits="0"></line>
						<line number="243" hits="0"></line>
						<line number="245" hits="0"></line>
						<line number="246" hits="0"></line>
						<line number="249" hits="1"></line>
						<line number="250" hits="0"></line>
						<line number="251" hits="0"></line>
						<line number="252" hits="0"></line>
						<line number="254" hits="0"></line>
						<line number="255" hits="0"></line>
						<line number="257" hits="0"></line>
						<line number="258" hits="0"></line>
						<line number="261" hits="1"></line>
						<line number="262" hits="1"></line>
						<line number="263" hits="0"></line>
						<line number="265" hits="1"></line>
						<line number="266" hits="1"></line>
						<line number="270" hits="0"></line>
						<line number="271" hits="0"></line>
						<line number="272" hits="0"></line>
						<line number="274" hits="0"></line>
						<line number="275" hits="0"></line>
						<line number="276" hits="0"></line>
						<line number="278" hits="0"></line>
						<line number="279" hits="0"></line>
						<line number="283" hits="0"></line>
						<line number="284" hits="0"></line>
						<line number="285" hits="0"></line>
						<line number="287" hits="0"></line>
						<line number="288" hits="0"></line>
						<line number="289" hits="0"></line>
						<line number="291" hits="0"></line>
						<line number="292" hits="0"></line>
						<line number="300" hits="2"></line>
						<line number="301" hits="0"></line>
						<line number="302" hits="0"></line>
						<line number="304" hits="2"></line>
						<line number="305" hits="2"></line>
						<line number="306" hits="0"></line>
						<line number="308" hits="2"></line>
						<line number="309" hits="2"></line>
						<line number="313" hits="1"></line>
						<line number="314" hits="0"></line>
						<line number="315" hits="0"></line>
						<line number="317" hits="1"></line>
						<line number="318" hits="1"></line>
						<line number="319" hits="0"></line>
						<line number="320" hits="0"></line>
						<line number="322" hits="1"></line>
						<line number="323" hits="1"></line>
						<line number="327" hits="1"></line>
						<line number="328" hits="0"></line>
						<line number="329" hits="0"></line>
						<line number="331" hits="1"></line>
						<line number="332" hits="1"></line>
						<line number="333" hits="0"></line>
						<line number="335" hits="1"></line>
						<line number="336" hits="1"></line>
						<line number="340" hits="3"></line>
						<line number="341" hits="0"></line>
						<line number="342" hits="0"></line>
						<line number="345" hits="3"></line>
						<line number="346" hits="3"></line>
						<line number="347" hits="0"></line>
						<line number="349" hits="3"></line>
						<line number="350" hits="3"></line>
						<line number="358" hits="20"></line>
						<line number="359" hits="0"></line>
						<line number="361" hits="20"></line>
						<line number="362" hits="0"></line>
						<line number="363" hits="0"></line>
						<line number="365" hits="20"></line>
						<line number="366" hits="20"></line>
						<line number="367" hits="0"></line>
						<line number="369" hits="20"></line>
						<line number="370" hits="0"></line>
						<line number="372" hits="20"></line>
						<line number="373" hits="20"></line>
						<line number="377" hits="20"></line>
						<line number="378" hits="0"></line>
						<line number="380" hits="20"></line>
						<line number="381" hits="0"></line>
						<line number="382" hits="0"></line>
						<line number="384" hits="20"></line>
						<line number="385" hits="20"></line>
						<line number="386" hits="0"></line>
						<line number="388" hits="20"></line>
						<line number="389" hits="20"></line>
						<line number="393" hits="8"></line>
						<line number="394" hits="8"></line>
						<line number="395" hits="0"></line>
						<line number="398" hits="8"></line>
						<line number="399" hits="2"></line>
						<line number="402" hits="6"></line>
						<line number="408" hits="6"></line>
						<line number="409" hits="6"></line>
						<line number="410" hits="6"></line>
						<line number="413" hits="0"></line>
					</lines>
				</class>
				<class name="-" filename="pkg/sink/iceberg/type_mapping.go" line-rate="0.7380952" branch-rate="0" complexity="0" line-count="42" line-hits="31">
					<methods>
						<method name="mapTiDBFieldType" signature="" line-rate="0.64285713" branch-rate="0" complexity="0" line-count="0" line-hits="0">
							<lines>
								<line number="32" hits="80"></line>
								<line number="33" hits="0"></line>
								<line number="36" hits="80"></line>
								<line number="37" hits="80"></line>
								<line number="38" hits="80"></line>
								<line number="40" hits="30"></line>
								<line number="41" hits="0"></line>
								<line number="43" hits="30"></line>
								<line number="45" hits="4"></line>
								<line number="46" hits="2"></line>
								<line number="51" hits="2"></line>
								<line number="53" hits="0"></line>
								<line number="55" hits="0"></line>
								<line number="57" hits="2"></line>
								<line number="58" hits="2"></line>
								<line number="59" hits="2"></line>
								<line number="60" hits="0"></line>
								<line number="62" hits="2"></line>
								<line number="67" hits="2"></line>
								<line number="69" hits="5"></line>
								<line number="71" hits="0"></line>
								<line number="73" hits="0"></line>
								<line number="75" hits="0"></line>
								<line number="77" hits="2"></line>
								<line number="79" hits="35"></line>
								<line number="80" hits="0"></line>
								<line number="82" hits="35"></line>
								<line number="84" hits="0"></line>
							</lines>
						</method>
						<method name="icebergTypeToAvroType" signature="" line-rate="0.9285714" branch-rate="0" complexity="0" line-count="0" line-hits="0">
							<lines>
								<line number="89" hits="104"></line>
								<line number="91" hits="80"></line>
								<line number="93" hits="1"></line>
								<line number="95" hits="1"></line>
								<line number="100" hits="20"></line>
								<line number="105" hits="2"></line>
								<line number="106" hits="2"></line>
								<line number="107" hits="2"></line>
								<line number="108" hits="2"></line>
								<line number="109" hits="2"></line>
								<line number="110" hits="2"></line>
								<line number="111" hits="2"></line>
								<line number="112" hits="2"></line>
								<line number="121" hits="0"></line>
							</lines>
						</method>
					</methods>
					<lines>
						<line number="32" hits="80"></line>
						<line number="33" hits="0"></line>
						<line number="36" hits="80"></line>
						<line number="37" hits="80"></line>
						<line number="38" hits="80"></line>
						<line number="40" hits="30"></line>
						<line number="41" hits="0"></line>
						<line number="43" hits="30"></line>
						<line number="45" hits="4"></line>
						<line number="46" hits="2"></line>
						<line number="51" hits="2"></line>
						<line number="53" hits="0"></line>
						<line number="55" hits="0"></line>
						<line number="57" hits="2"></line>
						<line number="58" hits="2"></line>
						<line number="59" hits="2"></line>
						<line number="60" hits="0"></line>
						<line number="62" hits="2"></line>
						<line number="67" hits="2"></line>
						<line number="69" hits="5"></line>
						<line number="71" hits="0"></line>
						<line number="73" hits="0"></line>
						<line number="75" hits="0"></line>
						<line number="77" hits="2"></line>
						<line number="79" hits="35"></line>
						<line number="80" hits="0"></line>
						<line number="82" hits="35"></line>
						<line number="84" hits="0"></line>
						<line number="89" hits="104"></line>
						<line number="91" hits="80"></line>
						<line number="93" hits="1"></line>
						<line number="95" hits="1"></line>
						<line number="100" hits="20"></line>
						<line number="105" hits="2"></line>
						<line number="106" hits="2"></line>
						<line number="107" hits="2"></line>
						<line number="108" hits="2"></line>
						<line number="109" hits="2"></line>
						<line number="110" hits="2"></line>
						<line number="111" hits="2"></line>
						<line number="112" hits="2"></line>
						<line number="121" hits="0"></line>
					</lines>
				</class>
				<class name="TableWriter" filename="pkg/sink/iceberg/upsert_table.go" line-rate="0.8217822" branch-rate="0" complexity="0" line-count="101" line-hits="83">
					<methods>
						<method name="Upsert" signature="" line-rate="0.8217822" branch-rate="0" complexity="0" line-count="0" line-hits="0">
							<lines>
								<line number="38" hits="3"></line>
								<line number="39" hits="0"></line>
								<line number="41" hits="3"></line>
								<line number="42" hits="0"></line>
								<line number="45" hits="3"></line>
								<line number="46" hits="3"></line>
								<line number="47" hits="3"></line>
								<line number="49" hits="3"></line>
								<line number="50" hits="3"></line>
								<line number="51" hits="0"></line>
								<line number="53" hits="3"></line>
								<line number="55" hits="3"></line>
								<line number="56" hits="3"></line>
								<line number="57" hits="0"></line>
								<line number="59" hits="3"></line>
								<line number="60" hits="0"></line>
								<line number="62" hits="3"></line>
								<line number="63" hits="3"></line>
								<line number="64" hits="0"></line>
								<line number="66" hits="3"></line>
								<line number="67" hits="1"></line>
								<line number="69" hits="2"></line>
								<line number="70" hits="0"></line>
								<line number="72" hits="2"></line>
								<line number="73" hits="2"></line>
								<line number="74" hits="0"></line>
								<line number="76" hits="2"></line>
								<line number="77" hits="2"></line>
								<line number="79" hits="2"></line>
								<line number="80" hits="2"></line>
								<line number="81" hits="0"></line>
								<line number="84" hits="2"></line>
								<line number="85" hits="2"></line>
								<line number="86" hits="2"></line>
								<line number="87" hits="2"></line>
								<line number="88" hits="2"></line>
								<line number="89" hits="2"></line>
								<line number="91" hits="2"></line>
								<line number="92" hits="2"></line>
								<line number="93" hits="2"></line>
								<line number="94" hits="0"></line>
								<line number="96" hits="2"></line>
								<line number="97" hits="2"></line>
								<line number="98" hits="2"></line>
								<line number="99" hits="2"></line>
								<line number="100" hits="2"></line>
								<line number="101" hits="2"></line>
								<line number="102" hits="2"></line>
								<line number="103" hits="2"></line>
								<line number="104" hits="2"></line>
								<line number="105" hits="2"></line>
								<line number="106" hits="0"></line>
								<line number="108" hits="2"></line>
								<line number="109" hits="2"></line>
								<line number="110" hits="2"></line>
								<line number="112" hits="2"></line>
								<line number="122" hits="2"></line>
								<line number="134" hits="2"></line>
								<line number="135" hits="0"></line>
								<line number="137" hits="2"></line>
								<line number="138" hits="2"></line>
								<line number="141" hits="2"></line>
								<line number="142" hits="2"></line>
								<line number="143" hits="2"></line>
								<line number="144" hits="2"></line>
								<line number="146" hits="2"></line>
								<line number="150" hits="2"></line>
								<line number="151" hits="2"></line>
								<line number="153" hits="0"></line>
								<line number="155" hits="2"></line>
								<line number="156" hits="0"></line>
								<line number="159" hits="2"></line>
								<line number="160" hits="2"></line>
								<line number="161" hits="2"></line>
								<line number="162" hits="2"></line>
								<line number="163" hits="2"></line>
								<line number="164" hits="2"></line>
								<line number="165" hits="2"></line>
								<line number="166" hits="2"></line>
								<line number="167" hits="2"></line>
								<line number="168" hits="2"></line>
								<line number="169" hits="0"></line>
								<line number="171" hits="2"></line>
								<line number="172" hits="2"></line>
								<line number="173" hits="2"></line>
								<line number="175" hits="2"></line>
								<line number="186" hits="2"></line>
								<line number="198" hits="2"></line>
								<line number="199" hits="0"></line>
								<line number="201" hits="2"></line>
								<line number="202" hits="2"></line>
								<line number="205" hits="2"></line>
								<line number="206" hits="2"></line>
								<line number="207" hits="0"></line>
								<line number="209" hits="2"></line>
								<line number="211" hits="2"></line>
								<line number="221" hits="2"></line>
								<line number="236" hits="2"></line>
								<line number="237" hits="0"></line>
								<line number="239" hits="2"></line>
								<line number="241" hits="2"></line>
							</lines>
						</method>
					</methods>
					<lines>
						<line number="38" hits="3"></line>
						<line number="39" hits="0"></line>
						<line number="41" hits="3"></line>
						<line number="42" hits="0"></line>
						<line number="45" hits="3"></line>
						<line number="46" hits="3"></line>
						<line number="47" hits="3"></line>
						<line number="49" hits="3"></line>
						<line number="50" hits="3"></line>
						<line number="51" hits="0"></line>
						<line number="53" hits="3"></line>
						<line number="55" hits="3"></line>
						<line number="56" hits="3"></line>
						<line number="57" hits="0"></line>
						<line number="59" hits="3"></line>
						<line number="60" hits="0"></line>
						<line number="62" hits="3"></line>
						<line number="63" hits="3"></line>
						<line number="64" hits="0"></line>
						<line number="66" hits="3"></line>
						<line number="67" hits="1"></line>
						<line number="69" hits="2"></line>
						<line number="70" hits="0"></line>
						<line number="72" hits="2"></line>
						<line number="73" hits="2"></line>
						<line number="74" hits="0"></line>
						<line number="76" hits="2"></line>
						<line number="77" hits="2"></line>
						<line number="79" hits="2"></line>
						<line number="80" hits="2"></line>
						<line number="81" hits="0"></line>
						<line number="84" hits="2"></line>
						<line number="85" hits="2"></line>
						<line number="86" hits="2"></line>
						<line number="87" hits="2"></line>
						<line number="88" hits="2"></line>
						<line number="89" hits="2"></line>
						<line number="91" hits="2"></line>
						<line number="92" hits="2"></line>
						<line number="93" hits="2"></line>
						<line number="94" hits="0"></line>
						<line number="96" hits="2"></line>
						<line number="97" hits="2"></line>
						<line number="98" hits="2"></line>
						<line number="99" hits="2"></line>
						<line number="100" hits="2"></line>
						<line number="101" hits="2"></line>
						<line number="102" hits="2"></line>
						<line number="103" hits="2"></line>
						<line number="104" hits="2"></line>
						<line number="105" hits="2"></line>
						<line number="106" hits="0"></line>
						<line number="108" hits="2"></line>
						<line number="109" hits="2"></line>
						<line number="110" hits="2"></line>
						<line number="112" hits="2"></line>
						<line number="122" hits="2"></line>
						<line number="134" hits="2"></line>
						<line number="135" hits="0"></line>
						<line number="137" hits="2"></line>
						<line number="138" hits="2"></line>
						<line number="141" hits="2"></line>
						<line number="142" hits="2"></line>
						<line number="143" hits="2"></line>
						<line number="144" hits="2"></line>
						<line number="146" hits="2"></line>
						<line number="150" hits="2"></line>
						<line number="151" hits="2"></line>
						<line number="153" hits="0"></line>
						<line number="155" hits="2"></line>
						<line number="156" hits="0"></line>
						<line number="159" hits="2"></line>
						<line number="160" hits="2"></line>
						<line number="161" hits="2"></line>
						<line number="162" hits="2"></line>
						<line number="163" hits="2"></line>
						<line number="164" hits="2"></line>
						<line number="165" hits="2"></line>
						<line number="166" hits="2"></line>
						<line number="167" hits="2"></line>
						<line number="168" hits="2"></line>
						<line number="169" hits="0"></line>
						<line number="171" hits="2"></line>
						<line number="172" hits="2"></line>
						<line number="173" hits="2"></line>
						<line number="175" hits="2"></line>
						<line number="186" hits="2"></line>
						<line number="198" hits="2"></line>
						<line number="199" hits="0"></line>
						<line number="201" hits="2"></line>
						<line number="202" hits="2"></line>
						<line number="205" hits="2"></line>
						<line number="206" hits="2"></line>
						<line number="207" hits="0"></line>
						<line number="209" hits="2"></line>
						<line number="211" hits="2"></line>
						<line number="221" hits="2"></line>
						<line number="236" hits="2"></line>
						<line number="237" hits="0"></line>
						<line number="239" hits="2"></line>
						<line number="241" hits="2"></line>
					</lines>
				</class>
				<class name="TableWriter" filename="pkg/sink/iceberg/ddl.go" line-rate="0.72727275" branch-rate="0" complexity="0" line-count="33" line-hits="24">
					<methods>
						<method name="TruncateTable" signature="" line-rate="0.72727275" branch-rate="0" complexity="0" line-count="0" line-hits="0">
							<lines>
								<line number="33" hits="1"></line>
								<line number="34" hits="0"></line>
								<line number="36" hits="1"></line>
								<line number="37" hits="0"></line>
								<line number="40" hits="1"></line>
								<line number="41" hits="1"></line>
								<line number="42" hits="0"></line>
								<line number="44" hits="1"></line>
								<line number="45" hits="0"></line>
								<line number="48" hits="1"></line>
								<line number="49" hits="1"></line>
								<line number="50" hits="0"></line>
								<line number="53" hits="1"></line>
								<line number="54" hits="1"></line>
								<line number="55" hits="0"></line>
								<line number="57" hits="1"></line>
								<line number="58" hits="0"></line>
								<line number="61" hits="1"></line>
								<line number="62" hits="1"></line>
								<line number="63" hits="1"></line>
								<line number="65" hits="1"></line>
								<line number="67" hits="1"></line>
								<line number="68" hits="1"></line>
								<line number="69" hits="1"></line>
								<line number="70" hits="1"></line>
								<line number="72" hits="1"></line>
								<line number="73" hits="1"></line>
								<line number="74" hits="0"></line>
								<line number="77" hits="1"></line>
								<line number="87" hits="1"></line>
								<line number="102" hits="1"></line>
								<line number="103" hits="0"></line>
								<line number="106" hits="1"></line>
							</lines>
						</method>
					</methods>
					<lines>
						<line number="33" hits="1"></line>
						<line number="34" hits="0"></line>
						<line number="36" hits="1"></line>
						<line number="37" hits="0"></line>
						<line number="40" hits="1"></line>
						<line number="41" hits="1"></line>
						<line number="42" hits="0"></line>
						<line number="44" hits="1"></line>
						<line number="45" hits="0"></line>
						<line number="48" hits="1"></line>
						<line number="49" hits="1"></line>
						<line number="50" hits="0"></line>
						<line number="53" hits="1"></line>
						<line number="54" hits="1"></line>
						<line number="55" hits="0"></line>
						<line number="57" hits="1"></line>
						<line number="58" hits="0"></line>
						<line number="61" hits="1"></line>
						<line number="62" hits="1"></line>
						<line number="63" hits="1"></line>
						<line number="65" hits="1"></line>
						<line number="67" hits="1"></line>
						<line number="68" hits="1"></line>
						<line number="69" hits="1"></line>
						<line number="70" hits="1"></line>
						<line number="72" hits="1"></line>
						<line number="73" hits="1"></line>
						<line number="74" hits="0"></line>
						<line number="77" hits="1"></line>
						<line number="87" hits="1"></line>
						<line number="102" hits="1"></line>
						<line number="103" hits="0"></line>
						<line number="106" hits="1"></line>
					</lines>
				</class>
				<class name="-" filename="pkg/sink/iceberg/equality.go" line-rate="0.75" branch-rate="0" complexity="0" line-count="16" line-hits="12">
					<methods>
						<method name="GetEqualityFieldIDs" signature="" line-rate="0.75" branch-rate="0" complexity="0" line-count="0" line-hits="0">
							<lines>
								<line number="26" hits="3"></line>
								<line number="27" hits="0"></line>
								<line number="30" hits="3"></line>
								<line number="31" hits="3"></line>
								<line number="32" hits="0"></line>
								<line number="35" hits="3"></line>
								<line number="36" hits="3"></line>
								<line number="37" hits="6"></line>
								<line number="38" hits="0"></line>
								<line number="40" hits="6"></line>
								<line number="43" hits="3"></line>
								<line number="44" hits="3"></line>
								<line number="45" hits="3"></line>
								<line number="46" hits="0"></line>
								<line number="50" hits="3"></line>
								<line number="52" hits="3"></line>
							</lines>
						</method>
					</methods>
					<lines>
						<line number="26" hits="3"></line>
						<line number="27" hits="0"></line>
						<line number="30" hits="3"></line>
						<line number="31" hits="3"></line>
						<line number="32" hits="0"></line>
						<line number="35" hits="3"></line>
						<line number="36" hits="3"></line>
						<line number="37" hits="6"></line>
						<line number="38" hits="0"></line>
						<line number="40" hits="6"></line>
						<line number="43" hits="3"></line>
						<line number="44" hits="3"></line>
						<line number="45" hits="3"></line>
						<line number="46" hits="0"></line>
						<line number="50" hits="3"></line>
						<line number="52" hits="3"></line>
					</lines>
				</class>
				<class name="TableWriter" filename="pkg/sink/iceberg/glue_catalog.go" line-rate="0.023255814" branch-rate="0" complexity="0" line-count="86" line-hits="2">
					<methods>
						<method name="getGlueMetadataLocation" signature="" line-rate="0" branch-rate="0" complexity="0" line-count="0" line-hits="0">
							<lines>
								<line number="48" hits="0"></line>
								<line number="49" hits="0"></line>
								<line number="52" hits="0"></line>
								<line number="53" hits="0"></line>
								<line number="54" hits="0"></line>
								<line number="57" hits="0"></line>
								<line number="58" hits="0"></line>
								<line number="60" hits="0"></line>
								<line number="64" hits="0"></line>
								<line number="65" hits="0"></line>
								<line number="66" hits="0"></line>
								<line number="67" hits="0"></line>
								<line number="69" hits="0"></line>
								<line number="72" hits="0"></line>
								<line number="73" hits="0"></line>
								<line number="74" hits="0"></line>
								<line number="76" hits="0"></line>
								<line number="77" hits="0"></line>
								<line number="78" hits="0"></line>
								<line number="80" hits="0"></line>
								<line number="81" hits="0"></line>
								<line number="82" hits="0"></line>
								<line number="84" hits="0"></line>
								<line number="85" hits="0"></line>
								<line number="86" hits="0"></line>
								<line number="88" hits="0"></line>
							</lines>
						</method>
						<method name="ensureGlueTable" signature="" line-rate="0.11764706" branch-rate="0" complexity="0" line-count="0" line-hits="0">
							<lines>
								<line number="99" hits="16"></line>
								<line number="100" hits="16"></line>
								<line number="102" hits="0"></line>
								<line number="103" hits="0"></line>
								<line number="106" hits="0"></line>
								<line number="107" hits="0"></line>
								<line number="108" hits="0"></line>
								<line number="111" hits="0"></line>
								<line number="112" hits="0"></line>
								<line number="113" hits="0"></line>
								<line number="115" hits="0"></line>
								<line number="116" hits="0"></line>
								<line number="117" hits="0"></line>
								<line number="118" hits="0"></line>
								<line number="120" hits="0"></line>
								<line number="121" hits="0"></line>
								<line number="242" hits="0"></line>
							</lines>
						</method>
						<method name="RenameGlueTable" signature="" line-rate="0" branch-rate="0" complexity="0" line-count="0" line-hits="0">
							<lines>
								<line number="253" hits="0"></line>
								<line number="254" hits="0"></line>
								<line number="256" hits="0"></line>
								<line number="257" hits="0"></line>
								<line number="260" hits="0"></line>
								<line number="261" hits="0"></line>
								<line number="262" hits="0"></line>
								<line number="263" hits="0"></line>
								<line number="265" hits="0"></line>
								<line number="267" hits="0"></line>
								<line number="270" hits="0"></line>
								<line number="271" hits="0"></line>
								<line number="272" hits="0"></line>
								<line number="275" hits="0"></line>
								<line number="276" hits="0"></line>
								<line number="277" hits="0"></line>
								<line number="278" hits="0"></line>
								<line number="279" hits="0"></line>
								<line number="281" hits="0"></line>
								<line number="403" hits="0"></line>
							</lines>
						</method>
						<method name="VerifyCatalog" signature="" line-rate="0" branch-rate="0" complexity="0" line-count="0" line-hits="0">
							<lines>
								<line number="407" hits="0"></line>
								<line number="408" hits="0"></line>
								<line number="410" hits="0"></line>
								<line number="411" hits="0"></line>
								<line number="413" hits="0"></line>
								<line number="414" hits="0"></line>
							</lines>
						</method>
						<method name="getGlueClient" signature="" line-rate="0" branch-rate="0" complexity="0" line-count="0" line-hits="0">
							<lines>
								<line number="418" hits="0"></line>
								<line number="419" hits="0"></line>
								<line number="421" hits="0"></line>
								<line number="422" hits="0"></line>
								<line number="425" hits="0"></line>
								<line number="448" hits="0"></line>
								<line number="449" hits="0"></line>
								<line number="451" hits="0"></line>
								<line number="452" hits="0"></line>
								<line number="453" hits="0"></line>
								<line number="455" hits="0"></line>
							</lines>
						</method>
						<method name="glueDatabaseName" signature="" line-rate="0" branch-rate="0" complexity="0" line-count="0" line-hits="0">
							<lines>
								<line number="459" hits="0"></line>
								<line number="460" hits="0"></line>
								<line number="462" hits="0"></line>
							</lines>
						</method>
						<method name="glueTableName" signature="" line-rate="0" branch-rate="0" complexity="0" line-count="0" line-hits="0">
							<lines>
								<line number="466" hits="0"></line>
								<line number="467" hits="0"></line>
								<line number="469" hits="0"></line>
							</lines>
						</method>
					</methods>
					<lines>
						<line number="48" hits="0"></line>
						<line number="49" hits="0"></line>
						<line number="52" hits="0"></line>
						<line number="53" hits="0"></line>
						<line number="54" hits="0"></line>
						<line number="57" hits="0"></line>
						<line number="58" hits="0"></line>
						<line number="60" hits="0"></line>
						<line number="64" hits="0"></line>
						<line number="65" hits="0"></line>
						<line number="66" hits="0"></line>
						<line number="67" hits="0"></line>
						<line number="69" hits="0"></line>
						<line number="72" hits="0"></line>
						<line number="73" hits="0"></line>
						<line number="74" hits="0"></line>
						<line number="76" hits="0"></line>
						<line number="77" hits="0"></line>
						<line number="78" hits="0"></line>
						<line number="80" hits="0"></line>
						<line number="81" hits="0"></line>
						<line number="82" hits="0"></line>
						<line number="84" hits="0"></line>
						<line number="85" hits="0"></line>
						<line number="86" hits="0"></line>
						<line number="88" hits="0"></line>
						<line number="99" hits="16"></line>
						<line number="100" hits="16"></line>
						<line number="102" hits="0"></line>
						<line number="103" hits="0"></line>
						<line number="106" hits="0"></line>
						<line number="107" hits="0"></line>
						<line number="108" hits="0"></line>
						<line number="111" hits="0"></line>
						<line number="112" hits="0"></line>
						<line number="113" hits="0"></line>
						<line number="115" hits="0"></line>
						<line number="116" hits="0"></line>
						<line number="117" hits="0"></line>
						<line number="118" hits="0"></line>
						<line number="120" hits="0"></line>
						<line number="121" hits="0"></line>
						<line number="242" hits="0"></line>
						<line number="253" hits="0"></line>
						<line number="254" hits="0"></line>
						<line number="256" hits="0"></line>
						<line number="257" hits="0"></line>
						<line number="260" hits="0"></line>
						<line number="261" hits="0"></line>
						<line number="262" hits="0"></line>
						<line number="263" hits="0"></line>
						<line number="265" hits="0"></line>
						<line number="267" hits="0"></line>
						<line number="270" hits="0"></line>
						<line number="271" hits="0"></line>
						<line number="272" hits="0"></line>
						<line number="275" hits="0"></line>
						<line number="276" hits="0"></line>
						<line number="277" hits="0"></line>
						<line number="278" hits="0"></line>
						<line number="279" hits="0"></line>
						<line number="281" hits="0"></line>
						<line number="403" hits="0"></line>
						<line number="407" hits="0"></line>
						<line number="408" hits="0"></line>
						<line number="410" hits="0"></line>
						<line number="411" hits="0"></line>
						<line number="413" hits="0"></line>
						<line number="414" hits="0"></line>
						<line number="418" hits="0"></line>
						<line number="419" hits="0"></line>
						<line number="421" hits="0"></line>
						<line number="422" hits="0"></line>
						<line number="425" hits="0"></line>
						<line number="448" hits="0"></line>
						<line number="449" hits="0"></line>
						<line number="451" hits="0"></line>
						<line number="452" hits="0"></line>
						<line number="453" hits="0"></line>
						<line number="455" hits="0"></line>
						<line number="459" hits="0"></line>
						<line number="460" hits="0"></line>
						<line number="462" hits="0"></line>
						<line number="466" hits="0"></line>
						<line number="467" hits="0"></line>
						<line number="469" hits="0"></line>
					</lines>
				</class>
				<class name="-" filename="pkg/sink/iceberg/glue_catalog.go" line-rate="0" branch-rate="0" complexity="0" line-count="165" line-hits="0">
					<methods>
						<method name="@123:3" signature="" line-rate="0" branch-rate="0" complexity="0" line-count="0" line-hits="0">
							<lines>
								<line number="124" hits="0"></line>
								<line number="126" hits="0"></line>
								<line number="129" hits="0"></line>
								<line number="130" hits="0"></line>
								<line number="131" hits="0"></line>
								<line number="132" hits="0"></line>
								<line number="134" hits="0"></line>
								<line number="139" hits="0"></line>
								<line number="140" hits="0"></line>
								<line number="141" hits="0"></line>
								<line number="142" hits="0"></line>
								<line number="145" hits="0"></line>
								<line number="146" hits="0"></line>
								<line number="150" hits="0"></line>
								<line number="154" hits="0"></line>
								<line number="155" hits="0"></line>
								<line number="156" hits="0"></line>
								<line number="157" hits="0"></line>
								<line number="159" hits="0"></line>
								<line number="173" hits="0"></line>
								<line number="174" hits="0"></line>
								<line number="175" hits="0"></line>
								<line number="176" hits="0"></line>
								<line number="178" hits="0"></line>
								<line number="180" hits="0"></line>
								<line number="183" hits="0"></line>
								<line number="184" hits="0"></line>
								<line number="185" hits="0"></line>
								<line number="187" hits="0"></line>
								<line number="188" hits="0"></line>
								<line number="189" hits="0"></line>
								<line number="191" hits="0"></line>
								<line number="192" hits="0"></line>
								<line number="194" hits="0"></line>
								<line number="195" hits="0"></line>
								<line number="197" hits="0"></line>
								<line number="198" hits="0"></line>
								<line number="199" hits="0"></line>
								<line number="202" hits="0"></line>
								<line number="203" hits="0"></line>
								<line number="204" hits="0"></line>
								<line number="206" hits="0"></line>
								<line number="207" hits="0"></line>
								<line number="210" hits="0"></line>
								<line number="225" hits="0"></line>
								<line number="226" hits="0"></line>
								<line number="227" hits="0"></line>
								<line number="228" hits="0"></line>
								<line number="229" hits="0"></line>
								<line number="232" hits="0"></line>
								<line number="234" hits="0"></line>
							</lines>
						</method>
						<method name="@283:3" signature="" line-rate="0" branch-rate="0" complexity="0" line-count="0" line-hits="0">
							<lines>
								<line number="284" hits="0"></line>
								<line number="285" hits="0"></line>
								<line number="289" hits="0"></line>
								<line number="290" hits="0"></line>
								<line number="291" hits="0"></line>
								<line number="292" hits="0"></line>
								<line number="294" hits="0"></line>
								<line number="295" hits="0"></line>
								<line number="296" hits="0"></line>
								<line number="297" hits="0"></line>
								<line number="300" hits="0"></line>
								<line number="302" hits="0"></line>
								<line number="303" hits="0"></line>
								<line number="306" hits="0"></line>
								<line number="307" hits="0"></line>
								<line number="308" hits="0"></line>
								<line number="310" hits="0"></line>
								<line number="311" hits="0"></line>
								<line number="312" hits="0"></line>
								<line number="315" hits="0"></line>
								<line number="318" hits="0"></line>
								<line number="319" hits="0"></line>
								<line number="320" hits="0"></line>
[...]
						<line number="943" hits="11"></line>
						<line number="944" hits="11"></line>
						<line number="945" hits="11"></line>
						<line number="946" hits="11"></line>
						<line number="947" hits="0"></line>
						<line number="950" hits="11"></line>
						<line number="951" hits="11"></line>
						<line number="952" hits="0"></line>
						<line number="955" hits="11"></line>
						<line number="956" hits="11"></line>
						<line number="957" hits="11"></line>
						<line number="958" hits="11"></line>
						<line number="959" hits="11"></line>
						<line number="960" hits="11"></line>
						<line number="961" hits="15"></line>
						<line number="962" hits="15"></line>
						<line number="963" hits="15"></line>
						<line number="967" hits="11"></line>
						<line number="971" hits="30"></line>
						<line number="972" hits="13"></line>
						<line number="975" hits="17"></line>
						<line number="976" hits="17"></line>
						<line number="977" hits="0"></line>
						<line number="980" hits="17"></line>
						<line number="981" hits="17"></line>
						<line number="982" hits="0"></line>
						<line number="983" hits="0"></line>
						<line number="984" hits="0"></line>
						<line number="985" hits="0"></line>
						<line number="988" hits="17"></line>
						<line number="989" hits="17"></line>
						<line number="990" hits="0"></line>
						<line number="993" hits="17"></line>
						<line number="994" hits="5"></line>
						<line number="996" hits="5"></line>
						<line number="997" hits="5"></line>
						<line number="998" hits="5"></line>
						<line number="999" hits="5"></line>
						<line number="1001" hits="0"></line>
						<line number="1004" hits="12"></line>
						<line number="1005" hits="0"></line>
						<line number="1007" hits="12"></line>
						<line number="1026" hits="0"></line>
						<line number="1027" hits="0"></line>
						<line number="1028" hits="0"></line>
						<line number="1030" hits="0"></line>
						<line number="1031" hits="0"></line>
						<line number="1032" hits="0"></line>
						<line number="1034" hits="0"></line>
						<line number="1038" hits="3"></line>
						<line number="1043" hits="3"></line>
						<line number="1044" hits="3"></line>
						<line number="1045" hits="3"></line>
						<line number="1046" hits="3"></line>
						<line number="1047" hits="3"></line>
						<line number="1048" hits="3"></line>
						<line number="1049" hits="3"></line>
						<line number="1051" hits="3"></line>
						<line number="1052" hits="3"></line>
						<line number="1053" hits="3"></line>
						<line number="1056" hits="3"></line>
						<line number="1057" hits="3"></line>
						<line number="1058" hits="3"></line>
						<line number="1060" hits="0"></line>
						<line number="1061" hits="0"></line>
						<line number="1063" hits="0"></line>
						<line number="1064" hits="0"></line>
						<line number="1066" hits="0"></line>
						<line number="1067" hits="0"></line>
						<line number="1068" hits="0"></line>
						<line number="1069" hits="0"></line>
						<line number="1070" hits="0"></line>
						<line number="1073" hits="3"></line>
						<line number="1074" hits="3"></line>
						<line number="1075" hits="3"></line>
						<line number="1076" hits="3"></line>
						<line number="1077" hits="3"></line>
						<line number="1078" hits="3"></line>
						<line number="1079" hits="3"></line>
					</lines>
				</class>
				<class name="resolvedPartitionSpec" filename="pkg/sink/iceberg/partitioning.go" line-rate="0.7916667" branch-rate="0" complexity="0" line-count="48" line-hits="38">
					<methods>
						<method name="emptyPartitionRecord" signature="" line-rate="0" branch-rate="0" complexity="0" line-count="0" line-hits="0">
							<lines>
								<line number="347" hits="0"></line>
								<line number="348" hits="0"></line>
								<line number="350" hits="0"></line>
								<line number="351" hits="0"></line>
								<line number="352" hits="0"></line>
								<line number="354" hits="0"></line>
							</lines>
						</method>
						<method name="groupRows" signature="" line-rate="0.9032258" branch-rate="0" complexity="0" line-count="0" line-hits="0">
							<lines>
								<line number="358" hits="15"></line>
								<line number="359" hits="9"></line>
								<line number="361" hits="6"></line>
								<line number="362" hits="0"></line>
								<line number="365" hits="6"></line>
								<line number="366" hits="6"></line>
								<line number="367" hits="6"></line>
								<line number="368" hits="10"></line>
								<line number="369" hits="10"></line>
								<line number="370" hits="10"></line>
								<line number="371" hits="10"></line>
								<line number="372" hits="10"></line>
								<line number="373" hits="0"></line>
								<line number="375" hits="10"></line>
								<line number="376" hits="10"></line>
								<line number="377" hits="0"></line>
								<line number="379" hits="10"></line>
								<line number="382" hits="10"></line>
								<line number="383" hits="10"></line>
								<line number="384" hits="10"></line>
								<line number="385" hits="10"></line>
								<line number="386" hits="10"></line>
								<line number="387" hits="10"></line>
								<line number="389" hits="10"></line>
								<line number="390" hits="10"></line>
								<line number="391" hits="10"></line>
								<line number="393" hits="10"></line>
								<line number="396" hits="6"></line>
								<line number="397" hits="6"></line>
								<line number="398" hits="10"></line>
								<line number="400" hits="6"></line>
							</lines>
						</method>
						<method name="isSafeForEqualityDeletes" signature="" line-rate="0.90909094" branch-rate="0" complexity="0" line-count="0" line-hits="0">
							<lines>
								<line number="404" hits="5"></line>
								<line number="405" hits="2"></line>
								<line number="407" hits="3"></line>
								<line number="408" hits="0"></line>
								<line number="410" hits="3"></line>
								<line number="411" hits="3"></line>
								<line number="412" hits="3"></line>
								<line number="414" hits="3"></line>
								<line number="415" hits="3"></line>
								<line number="416" hits="1"></line>
								<line number="419" hits="2"></line>
							</lines>
						</method>
					</methods>
					<lines>
						<line number="347" hits="0"></line>
						<line number="348" hits="0"></line>
						<line number="350" hits="0"></line>
						<line number="351" hits="0"></line>
						<line number="352" hits="0"></line>
						<line number="354" hits="0"></line>
						<line number="358" hits="15"></line>
						<line number="359" hits="9"></line>
						<line number="361" hits="6"></line>
						<line number="362" hits="0"></line>
						<line number="365" hits="6"></line>
						<line number="366" hits="6"></line>
						<line number="367" hits="6"></line>
						<line number="368" hits="10"></line>
						<line number="369" hits="10"></line>
						<line number="370" hits="10"></line>
						<line number="371" hits="10"></line>
						<line number="372" hits="10"></line>
						<line number="373" hits="0"></line>
						<line number="375" hits="10"></line>
						<line number="376" hits="10"></line>
						<line number="377" hits="0"></line>
						<line number="379" hits="10"></line>
						<line number="382" hits="10"></line>
						<line number="383" hits="10"></line>
						<line number="384" hits="10"></line>
						<line number="385" hits="10"></line>
						<line number="386" hits="10"></line>
						<line number="387" hits="10"></line>
						<line number="389" hits="10"></line>
						<line number="390" hits="10"></line>
						<line number="391" hits="10"></line>
						<line number="393" hits="10"></line>
						<line number="396" hits="6"></line>
						<line number="397" hits="6"></line>
						<line number="398" hits="10"></line>
						<line number="400" hits="6"></line>
						<line number="404" hits="5"></line>
						<line number="405" hits="2"></line>
						<line number="407" hits="3"></line>
						<line number="408" hits="0"></line>
						<line number="410" hits="3"></line>
						<line number="411" hits="3"></line>
						<line number="412" hits="3"></line>
						<line number="414" hits="3"></line>
						<line number="415" hits="3"></line>
						<line number="416" hits="1"></line>
						<line number="419" hits="2"></line>
					</lines>
				</class>
				<class name="tableMetadata" filename="pkg/sink/iceberg/partitioning.go" line-rate="0.5" branch-rate="0" complexity="0" line-count="8" line-hits="4">
					<methods>
						<method name="currentPartitionSpec" signature="" line-rate="0.5" branch-rate="0" complexity="0" line-count="0" line-hits="0">
							<lines>
								<line number="1011" hits="17"></line>
								<line number="1012" hits="0"></line>
								<line number="1014" hits="17"></line>
								<line number="1015" hits="17"></line>
								<line number="1016" hits="17"></line>
								<line number="1019" hits="0"></line>
								<line number="1020" hits="0"></line>
								<line number="1022" hits="0"></line>
							</lines>
						</method>
					</methods>
					<lines>
						<line number="1011" hits="17"></line>
						<line number="1012" hits="0"></line>
						<line number="1014" hits="17"></line>
						<line number="1015" hits="17"></line>
						<line number="1016" hits="17"></line>
						<line number="1019" hits="0"></line>
						<line number="1020" hits="0"></line>
						<line number="1022" hits="0"></line>
					</lines>
				</class>
				<class name="-" filename="pkg/sink/iceberg/schema_validation.go" line-rate="0.8333333" branch-rate="0" complexity="0" line-count="30" line-hits="25">
					<methods>
						<method name="validateSchemaEvolution" signature="" line-rate="0.9411765" branch-rate="0" complexity="0" line-count="0" line-hits="0">
							<lines>
								<line number="24" hits="19"></line>
								<line number="25" hits="0"></line>
								<line number="28" hits="19"></line>
								<line number="29" hits="19"></line>
								<line number="30" hits="76"></line>
								<line number="33" hits="19"></line>
								<line number="34" hits="77"></line>
								<line number="35" hits="77"></line>
								<line number="36" hits="1"></line>
								<line number="38" hits="76"></line>
								<line number="39" hits="76"></line>
								<line number="40" hits="76"></line>
								<line number="41" hits="72"></line>
								<line number="43" hits="4"></line>
								<line number="44" hits="2"></line>
								<line number="46" hits="2"></line>
								<line number="51" hits="17"></line>
							</lines>
						</method>
						<method name="isSafeIcebergTypeWidening" signature="" line-rate="0.6923077" branch-rate="0" complexity="0" line-count="0" line-hits="0">
							<lines>
								<line number="55" hits="3"></line>
								<line number="56" hits="0"></line>
								<line number="59" hits="3"></line>
								<line number="61" hits="1"></line>
								<line number="63" hits="0"></line>
								<line number="67" hits="2"></line>
								<line number="68" hits="2"></line>
								<line number="69" hits="2"></line>
								<line number="70" hits="0"></line>
								<line number="72" hits="2"></line>
								<line number="73" hits="1"></line>
								<line number="75" hits="1"></line>
								<line number="78" hits="0"></line>
							</lines>
						</method>
					</methods>
					<lines>
						<line number="24" hits="19"></line>
						<line number="25" hits="0"></line>
						<line number="28" hits="19"></line>
						<line number="29" hits="19"></line>
						<line number="30" hits="76"></line>
						<line number="33" hits="19"></line>
						<line number="34" hits="77"></line>
						<line number="35" hits="77"></line>
						<line number="36" hits="1"></line>
						<line number="38" hits="76"></line>
						<line number="39" hits="76"></line>
						<line number="40" hits="76"></line>
						<line number="41" hits="72"></line>
						<line number="43" hits="4"></line>
						<line number="44" hits="2"></line>
						<line number="46" hits="2"></line>
						<line number="51" hits="17"></line>
						<line number="55" hits="3"></line>
						<line number="56" hits="0"></line>
						<line number="59" hits="3"></line>
						<line number="61" hits="1"></line>
						<line number="63" hits="0"></line>
						<line number="67" hits="2"></line>
						<line number="68" hits="2"></line>
						<line number="69" hits="2"></line>
						<line number="70" hits="0"></line>
						<line number="72" hits="2"></line>
						<line number="73" hits="1"></line>
						<line number="75" hits="1"></line>
						<line number="78" hits="0"></line>
					</lines>
				</class>
				<class name="-" filename="pkg/sink/iceberg/avro.go" line-rate="0.71428573" branch-rate="0" complexity="0" line-count="14" line-hits="10">
					<methods>
						<method name="wrapUnion" signature="" line-rate="0.6666667" branch-rate="0" complexity="0" line-count="0" line-hits="0">
							<lines>
								<line number="23" hits="69"></line>
								<line number="24" hits="0"></line>
								<line number="26" hits="69"></line>
							</lines>
						</method>
						<method name="writeOCF" signature="" line-rate="0.72727275" branch-rate="0" complexity="0" line-count="0" line-hits="0">
							<lines>
								<line number="30" hits="29"></line>
								<line number="31" hits="29"></line>
								<line number="32" hits="0"></line>
								<line number="35" hits="29"></line>
								<line number="36" hits="29"></line>
								<line number="42" hits="29"></line>
								<line number="43" hits="0"></line>
								<line number="46" hits="29"></line>
								<line number="47" hits="28"></line>
								<line number="48" hits="0"></line>
								<line number="51" hits="29"></line>
							</lines>
						</method>
					</methods>
					<lines>
						<line number="23" hits="69"></line>
						<line number="24" hits="0"></line>
						<line number="26" hits="69"></line>
						<line number="30" hits="29"></line>
						<line number="31" hits="29"></line>
						<line number="32" hits="0"></line>
						<line number="35" hits="29"></line>
						<line number="36" hits="29"></line>
						<line number="42" hits="29"></line>
						<line number="43" hits="0"></line>
						<line number="46" hits="29"></line>
						<line number="47" hits="28"></line>
						<line number="48" hits="0"></line>
						<line number="51" hits="29"></line>
					</lines>
				</class>
				<class name="TableWriter" filename="pkg/sink/iceberg/checkpoint.go" line-rate="0.4117647" branch-rate="0" complexity="0" line-count="34" line-hits="14">
					<methods>
						<method name="RecordCheckpoint" signature="" line-rate="0.6875" branch-rate="0" complexity="0" line-count="0" line-hits="0">
							<lines>
								<line number="43" hits="1"></line>
								<line number="44" hits="0"></line>
								<line number="46" hits="1"></line>
								<line number="47" hits="0"></line>
								<line number="49" hits="1"></line>
								<line number="50" hits="0"></line>
								<line number="53" hits="1"></line>
								<line number="54" hits="1"></line>
								<line number="55" hits="0"></line>
								<line number="58" hits="1"></line>
								<line number="59" hits="1"></line>
								<line number="60" hits="0"></line>
								<line number="62" hits="1"></line>
								<line number="64" hits="1"></line>
								<line number="83" hits="1"></line>
								<line number="84" hits="1"></line>
							</lines>
						</method>
						<method name="RecordGlobalCheckpoint" signature="" line-rate="0" branch-rate="0" complexity="0" line-count="0" line-hits="0">
							<lines>
								<line number="92" hits="0"></line>
								<line number="93" hits="0"></line>
								<line number="96" hits="0"></line>
								<line number="97" hits="0"></line>
								<line number="98" hits="0"></line>
								<line number="101" hits="0"></line>
								<line number="102" hits="0"></line>
								<line number="104" hits="0"></line>
								<line number="117" hits="0"></line>
								<line number="118" hits="0"></line>
							</lines>
						</method>
						<method name="getCheckpointTableInfo" signature="" line-rate="0.75" branch-rate="0" complexity="0" line-count="0" line-hits="0">
							<lines>
								<line number="122" hits="1"></line>
								<line number="123" hits="0"></line>
								<line number="126" hits="1"></line>
								<line number="149" hits="1"></line>
							</lines>
						</method>
						<method name="getGlobalCheckpointTableInfo" signature="" line-rate="0" branch-rate="0" complexity="0" line-count="0" line-hits="0">
							<lines>
								<line number="153" hits="0"></line>
								<line number="154" hits="0"></line>
								<line number="157" hits="0"></line>
								<line number="174" hits="0"></line>
							</lines>
						</method>
					</methods>
					<lines>
						<line number="43" hits="1"></line>
						<line number="44" hits="0"></line>
						<line number="46" hits="1"></line>
						<line number="47" hits="0"></line>
						<line number="49" hits="1"></line>
						<line number="50" hits="0"></line>
						<line number="53" hits="1"></line>
						<line number="54" hits="1"></line>
						<line number="55" hits="0"></line>
						<line number="58" hits="1"></line>
						<line number="59" hits="1"></line>
						<line number="60" hits="0"></line>
						<line number="62" hits="1"></line>
						<line number="64" hits="1"></line>
						<line number="83" hits="1"></line>
						<line number="84" hits="1"></line>
						<line number="92" hits="0"></line>
						<line number="93" hits="0"></line>
						<line number="96" hits="0"></line>
						<line number="97" hits="0"></line>
						<line number="98" hits="0"></line>
						<line number="101" hits="0"></line>
						<line number="102" hits="0"></line>
						<line number="104" hits="0"></line>
						<line number="117" hits="0"></line>
						<line number="118" hits="0"></line>
						<line number="122" hits="1"></line>
						<line number="123" hits="0"></line>
						<line number="126" hits="1"></line>
						<line number="149" hits="1"></line>
						<line number="153" hits="0"></line>
						<line number="154" hits="0"></line>
						<line number="157" hits="0"></line>
						<line number="174" hits="0"></line>
					</lines>
				</class>
				<class name="-" filename="pkg/sink/iceberg/checkpoint.go" line-rate="0.5714286" branch-rate="0" complexity="0" line-count="7" line-hits="4">
					<methods>
						<method name="@126:22" signature="" line-rate="1" branch-rate="0" complexity="0" line-count="0" line-hits="0">
							<lines>
								<line number="127" hits="1"></line>
								<line number="130" hits="1"></line>
							</lines>
						</method>
						<method name="@127:9" signature="" line-rate="1" branch-rate="0" complexity="0" line-count="0" line-hits="0">
							<lines>
								<line number="128" hits="11"></line>
							</lines>
						</method>
						<method name="@157:28" signature="" line-rate="0" branch-rate="0" complexity="0" line-count="0" line-hits="0">
							<lines>
								<line number="158" hits="0"></line>
								<line number="161" hits="0"></line>
							</lines>
						</method>
						<method name="@158:9" signature="" line-rate="0" branch-rate="0" complexity="0" line-count="0" line-hits="0">
							<lines>
								<line number="159" hits="0"></line>
							</lines>
						</method>
						<method name="stringPtr" signature="" line-rate="1" branch-rate="0" complexity="0" line-count="0" line-hits="0">
							<lines>
								<line number="178" hits="11"></line>
							</lines>
						</method>
					</methods>
					<lines>
						<line number="127" hits="1"></line>
						<line number="130" hits="1"></line>
						<line number="128" hits="11"></line>
						<line number="158" hits="0"></line>
						<line number="161" hits="0"></line>
						<line number="159" hits="0"></line>
						<line number="178" hits="11"></line>
					</lines>
				</class>
			</classes>
		</package>
	</packages>
	<sources>
		<source>/Users/brian.w/projects/ticdc</source>
	</sources>
</coverage>
